2021-12-13 12:40:33:334 [INFO] [main] [com.bridgelabz.EmployeePayrollAppApplication:55] Starting EmployeePayrollAppApplication using Java 16.0.1 on DESKTOP-038DJT2 with PID 15168 (C:\Users\ashwi\IdeaProjects\employee-payroll-app\target\classes started by ashwi in C:\Users\ashwi\IdeaProjects\employee-payroll-app)
2021-12-13 12:40:33:347 [INFO] [main] [com.bridgelabz.EmployeePayrollAppApplication:659] No active profile set, falling back to default profiles: default
2021-12-13 12:40:34:629 [INFO] [main] [org.springframework.data.repository.config.RepositoryConfigurationDelegate:132] Bootstrapping Spring Data JPA repositories in DEFAULT mode.
2021-12-13 12:40:34:723 [INFO] [main] [org.springframework.data.repository.config.RepositoryConfigurationDelegate:201] Finished Spring Data repository scanning in 79 ms. Found 1 JPA repository interfaces.
2021-12-13 12:40:35:629 [INFO] [main] [org.springframework.boot.web.embedded.tomcat.TomcatWebServer:108] Tomcat initialized with port(s): 8080 (http)
2021-12-13 12:40:35:645 [INFO] [main] [org.apache.catalina.core.StandardService:173] Starting service [Tomcat]
2021-12-13 12:40:35:645 [INFO] [main] [org.apache.catalina.core.StandardEngine:173] Starting Servlet engine: [Apache Tomcat/9.0.53]
2021-12-13 12:40:35:816 [INFO] [main] [org.apache.catalina.core.ContainerBase.[Tomcat].[localhost].[/]:173] Initializing Spring embedded WebApplicationContext
2021-12-13 12:40:35:816 [INFO] [main] [org.springframework.boot.web.servlet.context.ServletWebServerApplicationContext:290] Root WebApplicationContext: initialization completed in 2354 ms
2021-12-13 12:40:36:019 [INFO] [main] [org.hibernate.jpa.internal.util.LogHelper:31] HHH000204: Processing PersistenceUnitInfo [name: default]
2021-12-13 12:40:36:082 [INFO] [main] [org.hibernate.Version:44] HHH000412: Hibernate ORM core version 5.4.32.Final
2021-12-13 12:40:36:269 [INFO] [main] [org.hibernate.annotations.common.Version:56] HCANN000001: Hibernate Commons Annotations {5.1.2.Final}
2021-12-13 12:40:36:410 [INFO] [main] [com.zaxxer.hikari.HikariDataSource:110] HikariPool-1 - Starting...
2021-12-13 12:40:36:894 [INFO] [main] [com.zaxxer.hikari.HikariDataSource:123] HikariPool-1 - Start completed.
2021-12-13 12:40:36:926 [INFO] [main] [org.hibernate.dialect.Dialect:175] HHH000400: Using dialect: org.hibernate.dialect.MySQL8Dialect
2021-12-13 12:40:37:894 [INFO] [main] [org.hibernate.engine.transaction.jta.platform.internal.JtaPlatformInitiator:52] HHH000490: Using JtaPlatform implementation: [org.hibernate.engine.transaction.jta.platform.internal.NoJtaPlatform]
2021-12-13 12:40:37:910 [INFO] [main] [org.springframework.orm.jpa.LocalContainerEntityManagerFactoryBean:437] Initialized JPA EntityManagerFactory for persistence unit 'default'
2021-12-13 12:40:38:550 [WARN] [main] [org.springframework.boot.autoconfigure.orm.jpa.JpaBaseConfiguration$JpaWebConfiguration:219] spring.jpa.open-in-view is enabled by default. Therefore, database queries may be performed during view rendering. Explicitly configure spring.jpa.open-in-view to disable this warning
2021-12-13 12:40:38:722 [INFO] [main] [springfox.documentation.spring.web.PropertySourcedRequestMappingHandlerMapping:69] Mapped URL path [/v2/api-docs] onto method [springfox.documentation.swagger2.web.Swagger2Controller#getDocumentation(String, HttpServletRequest)]
2021-12-13 12:40:39:066 [INFO] [main] [org.springframework.boot.web.embedded.tomcat.TomcatWebServer:220] Tomcat started on port(s): 8080 (http) with context path ''
2021-12-13 12:40:39:066 [INFO] [main] [springfox.documentation.spring.web.plugins.DocumentationPluginsBootstrapper:160] Context refreshed
2021-12-13 12:40:39:097 [INFO] [main] [springfox.documentation.spring.web.plugins.DocumentationPluginsBootstrapper:163] Found 1 custom documentation plugin(s)
2021-12-13 12:40:39:112 [INFO] [main] [springfox.documentation.spring.web.scanners.ApiListingReferenceScanner:41] Scanning for api listing references
2021-12-13 12:40:39:331 [INFO] [main] [com.bridgelabz.EmployeePayrollAppApplication:61] Started EmployeePayrollAppApplication in 6.552 seconds (JVM running for 7.195)
2021-12-13 12:40:42:487 [INFO] [http-nio-8080-exec-1] [org.apache.catalina.core.ContainerBase.[Tomcat].[localhost].[/]:173] Initializing Spring DispatcherServlet 'dispatcherServlet'
2021-12-13 12:40:42:488 [INFO] [http-nio-8080-exec-1] [org.springframework.web.servlet.DispatcherServlet:525] Initializing Servlet 'dispatcherServlet'
2021-12-13 12:40:42:489 [INFO] [http-nio-8080-exec-1] [org.springframework.web.servlet.DispatcherServlet:547] Completed initialization in 1 ms
2021-12-13 12:40:50:179 [INFO] [http-nio-8080-exec-8] [com.bridgelabz.advice.LoggingAdvice:39] Method invoked: class com.bridgelabz.service.PayrollService : getAllEmployees()arguments : []
2021-12-13 12:40:50:602 [INFO] [http-nio-8080-exec-8] [com.bridgelabz.advice.LoggingAdvice:42] class com.bridgelabz.service.PayrollService : getAllEmployees() Response : [EmployeeResponseDto(id=2, name=Ashwith, gender=Male, salary=35000, startDate=2021-12-11T12:18:53.618427, department=Backend, notes=Nothing), EmployeeResponseDto(id=3, name=Ashwith, gender=Male, salary=35000, startDate=2021-12-11T12:51:22.399093, department=Backend, notes=Nothing), EmployeeResponseDto(id=4, name=Ashwith, gender=Male, salary=35000, startDate=2021-12-11T13:01:56.938961, department=Backend, notes=Nothing)]
2021-12-13 12:41:28:040 [INFO] [SpringApplicationShutdownHook] [org.springframework.orm.jpa.LocalContainerEntityManagerFactoryBean:651] Closing JPA EntityManagerFactory for persistence unit 'default'
2021-12-13 12:41:28:040 [INFO] [SpringApplicationShutdownHook] [com.zaxxer.hikari.HikariDataSource:350] HikariPool-1 - Shutdown initiated...
2021-12-13 12:41:28:056 [INFO] [SpringApplicationShutdownHook] [com.zaxxer.hikari.HikariDataSource:352] HikariPool-1 - Shutdown completed.
2021-12-13 17:35:27:471 [INFO] [main] [com.bridgelabz.EmployeePayrollAppApplication:55] Starting EmployeePayrollAppApplication using Java 16.0.1 on DESKTOP-038DJT2 with PID 8736 (C:\Users\ashwi\IdeaProjects\employee-payroll-app\target\classes started by ashwi in C:\Users\ashwi\IdeaProjects\employee-payroll-app)
2021-12-13 17:35:27:503 [INFO] [main] [com.bridgelabz.EmployeePayrollAppApplication:659] No active profile set, falling back to default profiles: default
2021-12-13 17:35:29:746 [INFO] [main] [org.springframework.data.repository.config.RepositoryConfigurationDelegate:132] Bootstrapping Spring Data JPA repositories in DEFAULT mode.
2021-12-13 17:35:29:855 [INFO] [main] [org.springframework.data.repository.config.RepositoryConfigurationDelegate:201] Finished Spring Data repository scanning in 91 ms. Found 1 JPA repository interfaces.
2021-12-13 17:35:31:074 [INFO] [main] [org.springframework.boot.web.embedded.tomcat.TomcatWebServer:108] Tomcat initialized with port(s): 8080 (http)
2021-12-13 17:35:31:183 [INFO] [main] [org.apache.catalina.core.StandardService:173] Starting service [Tomcat]
2021-12-13 17:35:31:199 [INFO] [main] [org.apache.catalina.core.StandardEngine:173] Starting Servlet engine: [Apache Tomcat/9.0.53]
2021-12-13 17:35:31:355 [INFO] [main] [org.apache.catalina.core.ContainerBase.[Tomcat].[localhost].[/]:173] Initializing Spring embedded WebApplicationContext
2021-12-13 17:35:31:355 [INFO] [main] [org.springframework.boot.web.servlet.context.ServletWebServerApplicationContext:290] Root WebApplicationContext: initialization completed in 3745 ms
2021-12-13 17:35:31:620 [INFO] [main] [org.hibernate.jpa.internal.util.LogHelper:31] HHH000204: Processing PersistenceUnitInfo [name: default]
2021-12-13 17:35:31:808 [INFO] [main] [org.hibernate.Version:44] HHH000412: Hibernate ORM core version 5.4.32.Final
2021-12-13 17:35:31:995 [INFO] [main] [org.hibernate.annotations.common.Version:56] HCANN000001: Hibernate Commons Annotations {5.1.2.Final}
2021-12-13 17:35:32:245 [INFO] [main] [com.zaxxer.hikari.HikariDataSource:110] HikariPool-1 - Starting...
2021-12-13 17:35:33:401 [INFO] [main] [com.zaxxer.hikari.HikariDataSource:123] HikariPool-1 - Start completed.
2021-12-13 17:35:33:464 [INFO] [main] [org.hibernate.dialect.Dialect:175] HHH000400: Using dialect: org.hibernate.dialect.MySQL8Dialect
2021-12-13 17:35:34:729 [INFO] [main] [org.hibernate.engine.transaction.jta.platform.internal.JtaPlatformInitiator:52] HHH000490: Using JtaPlatform implementation: [org.hibernate.engine.transaction.jta.platform.internal.NoJtaPlatform]
2021-12-13 17:35:34:745 [INFO] [main] [org.springframework.orm.jpa.LocalContainerEntityManagerFactoryBean:437] Initialized JPA EntityManagerFactory for persistence unit 'default'
2021-12-13 17:35:35:666 [WARN] [main] [org.springframework.boot.autoconfigure.orm.jpa.JpaBaseConfiguration$JpaWebConfiguration:219] spring.jpa.open-in-view is enabled by default. Therefore, database queries may be performed during view rendering. Explicitly configure spring.jpa.open-in-view to disable this warning
2021-12-13 17:35:36:026 [INFO] [main] [springfox.documentation.spring.web.PropertySourcedRequestMappingHandlerMapping:69] Mapped URL path [/v2/api-docs] onto method [springfox.documentation.swagger2.web.Swagger2Controller#getDocumentation(String, HttpServletRequest)]
2021-12-13 17:35:36:479 [INFO] [main] [org.springframework.boot.web.embedded.tomcat.TomcatWebServer:220] Tomcat started on port(s): 8080 (http) with context path ''
2021-12-13 17:35:36:479 [INFO] [main] [springfox.documentation.spring.web.plugins.DocumentationPluginsBootstrapper:160] Context refreshed
2021-12-13 17:35:36:525 [INFO] [main] [springfox.documentation.spring.web.plugins.DocumentationPluginsBootstrapper:163] Found 1 custom documentation plugin(s)
2021-12-13 17:35:36:572 [INFO] [main] [springfox.documentation.spring.web.scanners.ApiListingReferenceScanner:41] Scanning for api listing references
2021-12-13 17:35:36:822 [INFO] [main] [com.bridgelabz.EmployeePayrollAppApplication:61] Started EmployeePayrollAppApplication in 10.342 seconds (JVM running for 11.443)
2021-12-13 17:37:31:306 [INFO] [SpringApplicationShutdownHook] [org.springframework.orm.jpa.LocalContainerEntityManagerFactoryBean:651] Closing JPA EntityManagerFactory for persistence unit 'default'
2021-12-13 17:37:31:338 [INFO] [SpringApplicationShutdownHook] [com.zaxxer.hikari.HikariDataSource:350] HikariPool-1 - Shutdown initiated...
2021-12-13 17:37:31:353 [INFO] [SpringApplicationShutdownHook] [com.zaxxer.hikari.HikariDataSource:352] HikariPool-1 - Shutdown completed.
